2020-10-30 15:37:29 INFO  Application:55 - Starting Application on PC-PC with PID 19732 (E:\food-dev-first\food-dev-api\target\classes started by PC in E:\food-dev-first)
2020-10-30 15:37:29 INFO  Application:655 - The following profiles are active: dev
2020-10-30 15:37:30 WARN  ClassPathMapperScanner:166 - No MyBatis mapper was found in '[com.spacex]' package. Please check your configuration.
2020-10-30 15:37:31 INFO  TomcatWebServer:108 - Tomcat initialized with port(s): 8088 (http)
2020-10-30 15:37:31 INFO  ServletWebServerApplicationContext:285 - Root WebApplicationContext: initialization completed in 1468 ms
2020-10-30 15:37:32 INFO  ThreadPoolTaskExecutor:181 - Initializing ExecutorService 'applicationTaskExecutor'
2020-10-30 15:37:32 INFO  MapperCacheDisabler:60 - Clear tk.mybatis.mapper.util.MsUtil CLASS_CACHE cache.
2020-10-30 15:37:32 INFO  MapperCacheDisabler:60 - Clear tk.mybatis.mapper.genid.GenIdUtil CACHE cache.
2020-10-30 15:37:32 INFO  MapperCacheDisabler:60 - Clear tk.mybatis.mapper.version.VersionUtil CACHE cache.
2020-10-30 15:37:32 INFO  MapperCacheDisabler:83 - Clear EntityHelper entityTableMap cache.
2020-10-30 15:37:32 INFO  TomcatWebServer:220 - Tomcat started on port(s): 8088 (http) with context path ''
2020-10-30 15:37:32 INFO  DocumentationPluginsBootstrapper:84 - Context refreshed
2020-10-30 15:37:32 INFO  DocumentationPluginsBootstrapper:87 - Found 1 custom documentation plugin(s)
2020-10-30 15:37:32 INFO  ApiListingReferenceScanner:44 - Scanning for api listing references
2020-10-30 15:37:32 INFO  CachingOperationNameGenerator:40 - Generating unique operation named: loginUsingPOST_1
2020-10-30 15:37:32 INFO  Application:61 - Started Application in 3.414 seconds (JVM running for 4.411)
2020-10-30 15:37:39 INFO  DispatcherServlet:525 - Initializing Servlet 'dispatcherServlet'
2020-10-30 15:37:39 INFO  DispatcherServlet:547 - Completed initialization in 8 ms
2020-10-30 15:37:39 INFO  ServiceLogAspect:33 - ==== 开始执行class com.spacex.service.impl.StuServiceImpl>StuInfo ====
2020-10-30 15:37:39 INFO  HikariDataSource:110 - DateSourceHikariCP - Starting...
2020-10-30 15:37:39 INFO  HikariDataSource:123 - DateSourceHikariCP - Start completed.
